Determining if the pthread_create exist failed with the following output:
Change Dir: /home/minhnd/FTI.Projects/fti_id/TextDetector/build/CMakeFiles/CMakeTmp

Run Build Command:"/usr/bin/make" "cmTC_26735/fast"
/usr/bin/make -f CMakeFiles/cmTC_26735.dir/build.make CMakeFiles/cmTC_26735.dir/build
make[1]: Entering directory '/home/minhnd/FTI.Projects/fti_id/TextDetector/build/CMakeFiles/CMakeTmp'
Building C object CMakeFiles/cmTC_26735.dir/CheckSymbolExists.c.o
/usr/bin/gcc    -fPIC    -o CMakeFiles/cmTC_26735.dir/CheckSymbolExists.c.o   -c /home/minhnd/FTI.Projects/fti_id/TextDetector/build/CMakeFiles/CMakeTmp/CheckSymbolExists.c
Linking C executable cmTC_26735
/usr/bin/cmake -E cmake_link_script CMakeFiles/cmTC_26735.dir/link.txt --verbose=1
/usr/bin/gcc  -fPIC     CMakeFiles/cmTC_26735.dir/CheckSymbolExists.c.o  -o cmTC_26735 -rdynamic 
CMakeFiles/cmTC_26735.dir/CheckSymbolExists.c.o: In function `main':
CheckSymbolExists.c:(.text+0x1b): undefined reference to `pthread_create'
collect2: error: ld returned 1 exit status
CMakeFiles/cmTC_26735.dir/build.make:97: recipe for target 'cmTC_26735' failed
make[1]: *** [cmTC_26735] Error 1
make[1]: Leaving directory '/home/minhnd/FTI.Projects/fti_id/TextDetector/build/CMakeFiles/CMakeTmp'
Makefile:126: recipe for target 'cmTC_26735/fast' failed
make: *** [cmTC_26735/fast] Error 2

File /home/minhnd/FTI.Projects/fti_id/TextDetector/build/CMakeFiles/CMakeTmp/CheckSymbolExists.c:
/* */
#include <pthread.h>

int main(int argc, char** argv)
{
  (void)argv;
#ifndef pthread_create
  return ((int*)(&pthread_create))[argc];
#else
  (void)argc;
  return 0;
#endif
}

Determining if the function pthread_create exists in the pthreads failed with the following output:
Change Dir: /home/minhnd/FTI.Projects/fti_id/TextDetector/build/CMakeFiles/CMakeTmp

Run Build Command:"/usr/bin/make" "cmTC_12fa8/fast"
/usr/bin/make -f CMakeFiles/cmTC_12fa8.dir/build.make CMakeFiles/cmTC_12fa8.dir/build
make[1]: Entering directory '/home/minhnd/FTI.Projects/fti_id/TextDetector/build/CMakeFiles/CMakeTmp'
Building C object CMakeFiles/cmTC_12fa8.dir/CheckFunctionExists.c.o
/usr/bin/gcc    -fPIC -DCHECK_FUNCTION_EXISTS=pthread_create   -o CMakeFiles/cmTC_12fa8.dir/CheckFunctionExists.c.o   -c /usr/share/cmake-3.5/Modules/CheckFunctionExists.c
Linking C executable cmTC_12fa8
/usr/bin/cmake -E cmake_link_script CMakeFiles/cmTC_12fa8.dir/link.txt --verbose=1
/usr/bin/gcc  -fPIC -DCHECK_FUNCTION_EXISTS=pthread_create    CMakeFiles/cmTC_12fa8.dir/CheckFunctionExists.c.o  -o cmTC_12fa8 -rdynamic -lpthreads 
/usr/bin/ld: cannot find -lpthreads
collect2: error: ld returned 1 exit status
CMakeFiles/cmTC_12fa8.dir/build.make:97: recipe for target 'cmTC_12fa8' failed
make[1]: *** [cmTC_12fa8] Error 1
make[1]: Leaving directory '/home/minhnd/FTI.Projects/fti_id/TextDetector/build/CMakeFiles/CMakeTmp'
Makefile:126: recipe for target 'cmTC_12fa8/fast' failed
make: *** [cmTC_12fa8/fast] Error 2


